{
  "RSpec": {
    "coverage": {
      "/Users/alexsatur/Desktop/oystercard2/spec/feature_spec.rb": [
        null,
        null,
        null,
        null,
        null,
        null,
        null,
        null
      ],
      "/Users/alexsatur/Desktop/oystercard2/spec/journey_spec.rb": [
        1,
        null,
        1,
        5,
        1,
        null,
        1,
        1,
        null,
        1,
        1,
        1,
        null,
        1,
        1,
        null,
        null,
        1,
        1,
        null,
        null
      ],
      "/Users/alexsatur/Desktop/oystercard2/lib/journey.rb": [
        1,
        1,
        1,
        null,
        1,
        null,
        1,
        6,
        null,
        null,
        1,
        null,
        null,
        1,
        3,
        3,
        null,
        null,
        1,
        null,
        3,
        3,
        null,
        null,
        1,
        null,
        3,
        3,
        3,
        null,
        null
      ],
      "/Users/alexsatur/Desktop/oystercard2/spec/oystercard_spec.rb": [
        1,
        null,
        1,
        4,
        5,
        4,
        2,
        1,
        null,
        1,
        1,
        null,
        null,
        1,
        1,
        4,
        null,
        null,
        null,
        1,
        1,
        2,
        null,
        null,
        1,
        1,
        2,
        null,
        1,
        2,
        null,
        null,
        null,
        1,
        1,
        1,
        null,
        null,
        null,
        1,
        1,
        1,
        1,
        1,
        null,
        null,
        null,
        null
      ],
      "/Users/alexsatur/Desktop/oystercard2/lib/oystercard.rb": [
        1,
        null,
        1,
        null,
        1,
        null,
        1,
        1,
        null,
        1,
        7,
        7,
        null,
        null,
        1,
        3,
        null,
        null,
        1,
        3,
        2,
        null,
        null,
        1,
        3,
        2,
        2,
        null,
        null,
        1,
        1,
        1,
        1,
        1,
        null,
        null,
        null,
        null,
        null,
        null,
        null,
        null,
        null
      ],
      "/Users/alexsatur/Desktop/oystercard2/spec/station_spec.rb": [
        1,
        null,
        1,
        3,
        1,
        1,
        null,
        null,
        1,
        1,
        null,
        null
      ],
      "/Users/alexsatur/Desktop/oystercard2/lib/station.rb": [
        1,
        1,
        null,
        1,
        2,
        2,
        null,
        null
      ]
    },
    "timestamp": 1495199718
  }
}
